<?xml version="1.0" encoding="UTF-8"?>
<testsuite xmlns:xsi="http://www.w3.org/2001/XMLSchema-instance" xsi:noNamespaceSchemaLocation="https://maven.apache.org/surefire/maven-surefire-plugin/xsd/surefire-test-report.xsd" name="org.example.AppTest" time="0.029" tests="1" errors="0" skipped="0" failures="0">
  <properties>
    <property name="java.specification.version" value="14"/>
    <property name="sun.jnu.encoding" value="UTF-8"/>
    <property name="java.class.path" value="/usr/local/var/www/Qimen/GernateSign/JavaDemos/target/test-classes:/usr/local/var/www/Qimen/GernateSign/JavaDemos/target/classes:/Users/ariel/.m2/repository/junit/junit/4.11/junit-4.11.jar:/Users/ariel/.m2/repository/org/hamcrest/hamcrest-core/1.3/hamcrest-core-1.3.jar:/Users/ariel/.m2/repository/org/projectlombok/lombok/1.18.24/lombok-1.18.24.jar:/Users/ariel/.m2/repository/com/alibaba/fastjson/1.2.76/fastjson-1.2.76.jar:/Users/ariel/.m2/repository/com/github/penggle/kaptcha/2.3.2/kaptcha-2.3.2.jar:/Users/ariel/.m2/repository/javax/servlet/javax.servlet-api/3.1.0/javax.servlet-api-3.1.0.jar:/Users/ariel/.m2/repository/com/jhlabs/filters/2.0.235-1/filters-2.0.235-1.jar:/Users/ariel/.m2/repository/org/apache/commons/commons-lang3/3.12.0/commons-lang3-3.12.0.jar:/Users/ariel/.m2/repository/commons-lang/commons-lang/2.3/commons-lang-2.3.jar:/Users/ariel/.m2/repository/com/diglol/crypto/crypto/0.1.1/crypto-0.1.1.jar:/Users/ariel/.m2/repository/com/diglol/crypto/common/0.1.1/common-0.1.1.jar:/Users/ariel/.m2/repository/com/diglol/crypto/random/0.1.1/random-0.1.1.jar:/Users/ariel/.m2/repository/com/diglol/crypto/hash/0.1.1/hash-0.1.1.jar:/Users/ariel/.m2/repository/org/jetbrains/kotlinx/kotlinx-coroutines-core/1.6.3/kotlinx-coroutines-core-1.6.3.jar:/Users/ariel/.m2/repository/org/jetbrains/kotlinx/kotlinx-coroutines-core-jvm/1.6.3/kotlinx-coroutines-core-jvm-1.6.3.jar:/Users/ariel/.m2/repository/com/diglol/crypto/mac/0.1.1/mac-0.1.1.jar:/Users/ariel/.m2/repository/com/diglol/crypto/pkc/0.1.1/pkc-0.1.1.jar:/Users/ariel/.m2/repository/com/diglol/crypto/kdf/0.1.1/kdf-0.1.1.jar:/Users/ariel/.m2/repository/com/diglol/crypto/cipher/0.1.1/cipher-0.1.1.jar:/Users/ariel/.m2/repository/com/diglol/crypto/aead/0.1.1/aead-0.1.1.jar:/Users/ariel/.m2/repository/com/diglol/crypto/otp/0.1.1/otp-0.1.1.jar:/Users/ariel/.m2/repository/org/jetbrains/kotlinx/kotlinx-datetime/0.3.2/kotlinx-datetime-0.3.2.jar:/Users/ariel/.m2/repository/org/jetbrains/kotlinx/kotlinx-serialization-core/1.3.1/kotlinx-serialization-core-1.3.1.jar:/Users/ariel/.m2/repository/org/jetbrains/kotlinx/kotlinx-serialization-core-jvm/1.3.1/kotlinx-serialization-core-jvm-1.3.1.jar:/Users/ariel/.m2/repository/com/diglol/encoding/encoding/0.1.0/encoding-0.1.0.jar:/Users/ariel/.m2/repository/org/jetbrains/kotlin/kotlin-stdlib-common/1.6.21/kotlin-stdlib-common-1.6.21.jar:/Users/ariel/.m2/repository/org/jetbrains/kotlin/kotlin-stdlib-jdk8/1.6.21/kotlin-stdlib-jdk8-1.6.21.jar:/Users/ariel/.m2/repository/org/jetbrains/kotlin/kotlin-stdlib/1.6.21/kotlin-stdlib-1.6.21.jar:/Users/ariel/.m2/repository/org/jetbrains/annotations/13.0/annotations-13.0.jar:/Users/ariel/.m2/repository/org/jetbrains/kotlin/kotlin-stdlib-jdk7/1.6.21/kotlin-stdlib-jdk7-1.6.21.jar:/Users/ariel/.m2/repository/com/github/lafa/common/common.core/2.0.0/common.core-2.0.0.jar:/Users/ariel/.m2/repository/com/github/lafa/logfast/logfast.core/1.0.6/logfast.core-1.0.6.jar:/Users/ariel/.m2/repository/org/slf4j/slf4j-api/1.7.12/slf4j-api-1.7.12.jar:/Users/ariel/.m2/repository/com/google/code/findbugs/jsr305/1.3.9/jsr305-1.3.9.jar:/Users/ariel/.m2/repository/org/apache/avro/avro/1.7.7/avro-1.7.7.jar:/Users/ariel/.m2/repository/org/codehaus/jackson/jackson-core-asl/1.9.13/jackson-core-asl-1.9.13.jar:/Users/ariel/.m2/repository/org/codehaus/jackson/jackson-mapper-asl/1.9.13/jackson-mapper-asl-1.9.13.jar:/Users/ariel/.m2/repository/com/thoughtworks/paranamer/paranamer/2.3/paranamer-2.3.jar:/Users/ariel/.m2/repository/org/xerial/snappy/snappy-java/1.0.5/snappy-java-1.0.5.jar:/Users/ariel/.m2/repository/org/apache/commons/commons-compress/1.4.1/commons-compress-1.4.1.jar:/Users/ariel/.m2/repository/org/tukaani/xz/1.0/xz-1.0.jar:/Users/ariel/.m2/repository/commons-httpclient/commons-httpclient/3.1/commons-httpclient-3.1.jar:/Users/ariel/.m2/repository/commons-logging/commons-logging/1.0.4/commons-logging-1.0.4.jar:/Users/ariel/.m2/repository/commons-codec/commons-codec/1.2/commons-codec-1.2.jar:"/>
    <property name="java.vm.vendor" value="Oracle Corporation"/>
    <property name="sun.arch.data.model" value="64"/>
    <property name="java.vendor.url" value="https://java.oracle.com/"/>
    <property name="os.name" value="Mac OS X"/>
    <property name="java.vm.specification.version" value="14"/>
    <property name="sun.java.launcher" value="SUN_STANDARD"/>
    <property name="user.country" value="CN"/>
    <property name="sun.boot.library.path" value="/Library/Java/JavaVirtualMachines/jdk-14.0.1.jdk/Contents/Home/lib"/>
    <property name="sun.java.command" value="/usr/local/var/www/Qimen/GernateSign/JavaDemos/target/surefire/surefirebooter13548638677213629236.jar /usr/local/var/www/Qimen/GernateSign/JavaDemos/target/surefire 2022-08-30T19-02-26_970-jvmRun1 surefire5436736017487524393tmp surefire_09392158552767488275tmp"/>
    <property name="jdk.debug" value="release"/>
    <property name="surefire.test.class.path" value="/usr/local/var/www/Qimen/GernateSign/JavaDemos/target/test-classes:/usr/local/var/www/Qimen/GernateSign/JavaDemos/target/classes:/Users/ariel/.m2/repository/junit/junit/4.11/junit-4.11.jar:/Users/ariel/.m2/repository/org/hamcrest/hamcrest-core/1.3/hamcrest-core-1.3.jar:/Users/ariel/.m2/repository/org/projectlombok/lombok/1.18.24/lombok-1.18.24.jar:/Users/ariel/.m2/repository/com/alibaba/fastjson/1.2.76/fastjson-1.2.76.jar:/Users/ariel/.m2/repository/com/github/penggle/kaptcha/2.3.2/kaptcha-2.3.2.jar:/Users/ariel/.m2/repository/javax/servlet/javax.servlet-api/3.1.0/javax.servlet-api-3.1.0.jar:/Users/ariel/.m2/repository/com/jhlabs/filters/2.0.235-1/filters-2.0.235-1.jar:/Users/ariel/.m2/repository/org/apache/commons/commons-lang3/3.12.0/commons-lang3-3.12.0.jar:/Users/ariel/.m2/repository/commons-lang/commons-lang/2.3/commons-lang-2.3.jar:/Users/ariel/.m2/repository/com/diglol/crypto/crypto/0.1.1/crypto-0.1.1.jar:/Users/ariel/.m2/repository/com/diglol/crypto/common/0.1.1/common-0.1.1.jar:/Users/ariel/.m2/repository/com/diglol/crypto/random/0.1.1/random-0.1.1.jar:/Users/ariel/.m2/repository/com/diglol/crypto/hash/0.1.1/hash-0.1.1.jar:/Users/ariel/.m2/repository/org/jetbrains/kotlinx/kotlinx-coroutines-core/1.6.3/kotlinx-coroutines-core-1.6.3.jar:/Users/ariel/.m2/repository/org/jetbrains/kotlinx/kotlinx-coroutines-core-jvm/1.6.3/kotlinx-coroutines-core-jvm-1.6.3.jar:/Users/ariel/.m2/repository/com/diglol/crypto/mac/0.1.1/mac-0.1.1.jar:/Users/ariel/.m2/repository/com/diglol/crypto/pkc/0.1.1/pkc-0.1.1.jar:/Users/ariel/.m2/repository/com/diglol/crypto/kdf/0.1.1/kdf-0.1.1.jar:/Users/ariel/.m2/repository/com/diglol/crypto/cipher/0.1.1/cipher-0.1.1.jar:/Users/ariel/.m2/repository/com/diglol/crypto/aead/0.1.1/aead-0.1.1.jar:/Users/ariel/.m2/repository/com/diglol/crypto/otp/0.1.1/otp-0.1.1.jar:/Users/ariel/.m2/repository/org/jetbrains/kotlinx/kotlinx-datetime/0.3.2/kotlinx-datetime-0.3.2.jar:/Users/ariel/.m2/repository/org/jetbrains/kotlinx/kotlinx-serialization-core/1.3.1/kotlinx-serialization-core-1.3.1.jar:/Users/ariel/.m2/repository/org/jetbrains/kotlinx/kotlinx-serialization-core-jvm/1.3.1/kotlinx-serialization-core-jvm-1.3.1.jar:/Users/ariel/.m2/repository/com/diglol/encoding/encoding/0.1.0/encoding-0.1.0.jar:/Users/ariel/.m2/repository/org/jetbrains/kotlin/kotlin-stdlib-common/1.6.21/kotlin-stdlib-common-1.6.21.jar:/Users/ariel/.m2/repository/org/jetbrains/kotlin/kotlin-stdlib-jdk8/1.6.21/kotlin-stdlib-jdk8-1.6.21.jar:/Users/ariel/.m2/repository/org/jetbrains/kotlin/kotlin-stdlib/1.6.21/kotlin-stdlib-1.6.21.jar:/Users/ariel/.m2/repository/org/jetbrains/annotations/13.0/annotations-13.0.jar:/Users/ariel/.m2/repository/org/jetbrains/kotlin/kotlin-stdlib-jdk7/1.6.21/kotlin-stdlib-jdk7-1.6.21.jar:/Users/ariel/.m2/repository/com/github/lafa/common/common.core/2.0.0/common.core-2.0.0.jar:/Users/ariel/.m2/repository/com/github/lafa/logfast/logfast.core/1.0.6/logfast.core-1.0.6.jar:/Users/ariel/.m2/repository/org/slf4j/slf4j-api/1.7.12/slf4j-api-1.7.12.jar:/Users/ariel/.m2/repository/com/google/code/findbugs/jsr305/1.3.9/jsr305-1.3.9.jar:/Users/ariel/.m2/repository/org/apache/avro/avro/1.7.7/avro-1.7.7.jar:/Users/ariel/.m2/repository/org/codehaus/jackson/jackson-core-asl/1.9.13/jackson-core-asl-1.9.13.jar:/Users/ariel/.m2/repository/org/codehaus/jackson/jackson-mapper-asl/1.9.13/jackson-mapper-asl-1.9.13.jar:/Users/ariel/.m2/repository/com/thoughtworks/paranamer/paranamer/2.3/paranamer-2.3.jar:/Users/ariel/.m2/repository/org/xerial/snappy/snappy-java/1.0.5/snappy-java-1.0.5.jar:/Users/ariel/.m2/repository/org/apache/commons/commons-compress/1.4.1/commons-compress-1.4.1.jar:/Users/ariel/.m2/repository/org/tukaani/xz/1.0/xz-1.0.jar:/Users/ariel/.m2/repository/commons-httpclient/commons-httpclient/3.1/commons-httpclient-3.1.jar:/Users/ariel/.m2/repository/commons-logging/commons-logging/1.0.4/commons-logging-1.0.4.jar:/Users/ariel/.m2/repository/commons-codec/commons-codec/1.2/commons-codec-1.2.jar:"/>
    <property name="sun.cpu.endian" value="little"/>
    <property name="user.home" value="/Users/ariel"/>
    <property name="user.language" value="en"/>
    <property name="java.specification.vendor" value="Oracle Corporation"/>
    <property name="java.version.date" value="2020-04-14"/>
    <property name="java.home" value="/Library/Java/JavaVirtualMachines/jdk-14.0.1.jdk/Contents/Home"/>
    <property name="file.separator" value="/"/>
    <property name="basedir" value="/usr/local/var/www/Qimen/GernateSign/JavaDemos"/>
    <property name="java.vm.compressedOopsMode" value="Zero based"/>
    <property name="line.separator" value="&#10;"/>
    <property name="java.vm.specification.vendor" value="Oracle Corporation"/>
    <property name="java.specification.name" value="Java Platform API Specification"/>
    <property name="surefire.real.class.path" value="/usr/local/var/www/Qimen/GernateSign/JavaDemos/target/surefire/surefirebooter13548638677213629236.jar"/>
    <property name="sun.management.compiler" value="HotSpot 64-Bit Tiered Compilers"/>
    <property name="java.runtime.version" value="14.0.1+7"/>
    <property name="user.name" value="ariel"/>
    <property name="path.separator" value=":"/>
    <property name="os.version" value="10.16"/>
    <property name="java.runtime.name" value="Java(TM) SE Runtime Environment"/>
    <property name="file.encoding" value="UTF-8"/>
    <property name="java.vm.name" value="Java HotSpot(TM) 64-Bit Server VM"/>
    <property name="localRepository" value="/Users/ariel/.m2/repository"/>
    <property name="java.vendor.url.bug" value="https://bugreport.java.com/bugreport/"/>
    <property name="java.io.tmpdir" value="/var/folders/5k/f9fykr2j3zq1r424pb_cj2n80000gn/T/"/>
    <property name="java.version" value="14.0.1"/>
    <property name="user.dir" value="/usr/local/var/www/Qimen/GernateSign/JavaDemos"/>
    <property name="os.arch" value="x86_64"/>
    <property name="java.vm.specification.name" value="Java Virtual Machine Specification"/>
    <property name="java.library.path" value="/Users/ariel/Library/Java/Extensions:/Library/Java/Extensions:/Network/Library/Java/Extensions:/System/Library/Java/Extensions:/usr/lib/java:."/>
    <property name="java.vm.info" value="mixed mode, sharing"/>
    <property name="java.vendor" value="Oracle Corporation"/>
    <property name="java.vm.version" value="14.0.1+7"/>
    <property name="sun.io.unicode.encoding" value="UnicodeBig"/>
    <property name="java.class.version" value="58.0"/>
  </properties>
  <testcase name="shouldAnswerWithTrue" classname="org.example.AppTest" time="0.001"/>
</testsuite>